Start testing: Oct 22 20:33 EDT
----------------------------------------------------------
1/1 Testing: hello-qt-tests
1/1 Test: hello-qt-tests
Command: "/Users/naraptis/Desktop/hello-qt/build/hello-qt-tests"
Directory: /Users/naraptis/Desktop/hello-qt/build
"hello-qt-tests" start time: Oct 22 20:33 EDT
Output:
----------------------------------------------------------
********* Start testing of ExampleTest *********
Config: Using QtTest library 6.9.3, Qt 6.9.3 (arm64-little_endian-lp64 shared (dynamic) release build; by Apple LLVM 17.0.0 (clang-1700.0.13.3)), macos 15.6.1
PASS   : ExampleTest::initTestCase()
PASS   : ExampleTest::toUpper()
PASS   : ExampleTest::cleanupTestCase()
Totals: 3 passed, 0 failed, 0 skipped, 0 blacklisted, 1ms
********* Finished testing of ExampleTest *********
<end of output>
Test time =   0.17 sec
----------------------------------------------------------
Test Passed.
"hello-qt-tests" end time: Oct 22 20:33 EDT
"hello-qt-tests" time elapsed: 00:00:00
----------------------------------------------------------

End testing: Oct 22 20:33 EDT
