<?xml version="1.0" encoding="UTF-8"?>
<Site BuildName="(empty)"
	BuildStamp="20251025-0233-Experimental"
	Name="(empty)"
	Generator="ctest-4.1.2"
	CompilerName=""
	CompilerVersion=""
	OSName="macOS"
	Hostname="Nicks-MacBook-Pro.local"
	OSRelease="15.6.1"
	OSVersion="24G90"
	OSPlatform="arm64"
	Is64Bits="1"
	VendorString="Apple"
	VendorID="Apple"
	FamilyID="0"
	ModelID="0"
	ModelName="Apple M2 Max"
	ProcessorCacheSize="131072"
	NumberOfLogicalCPU="12"
	NumberOfPhysicalCPU="12"
	TotalVirtualMemory="0"
	TotalPhysicalMemory="32768"
	LogicalProcessorsPerPhysical="12"
	ProcessorClockFrequency="0"
	>
	<Testing>
		<StartDateTime>Oct 24 22:43 EDT</StartDateTime>
		<StartTestTime>1761360229</StartTestTime>
		<TestList/>
		<EndDateTime>Oct 24 22:43 EDT</EndDateTime>
		<EndTestTime>1761360229</EndTestTime>
		<ElapsedMinutes>0</ElapsedMinutes>
	</Testing>
</Site>
